Determining if the pthread_create exist failed with the following output:
Change Dir: /home/nikita/Загрузки/arduino_uno_ov7670/cpp/CMakeFiles/CMakeTmp

Run Build Command:"/usr/bin/make" "cmTC_050ef/fast"
/usr/bin/make -f CMakeFiles/cmTC_050ef.dir/build.make CMakeFiles/cmTC_050ef.dir/build
make[1]: вход в каталог «/home/nikita/Загрузки/arduino_uno_ov7670/cpp/CMakeFiles/CMakeTmp»
Building C object CMakeFiles/cmTC_050ef.dir/CheckSymbolExists.c.o
/usr/bin/cc     -o CMakeFiles/cmTC_050ef.dir/CheckSymbolExists.c.o   -c /home/nikita/Загрузки/arduino_uno_ov7670/cpp/CMakeFiles/CMakeTmp/CheckSymbolExists.c
Linking C executable cmTC_050ef
/usr/bin/cmake -E cmake_link_script CMakeFiles/cmTC_050ef.dir/link.txt --verbose=1
/usr/bin/cc       CMakeFiles/cmTC_050ef.dir/CheckSymbolExists.c.o  -o cmTC_050ef -rdynamic 
CMakeFiles/cmTC_050ef.dir/CheckSymbolExists.c.o: In function `main':
CheckSymbolExists.c:(.text+0x1b): undefined reference to `pthread_create'
collect2: error: ld returned 1 exit status
CMakeFiles/cmTC_050ef.dir/build.make:97: ошибка выполнения рецепта для цели «cmTC_050ef»
make[1]: *** [cmTC_050ef] Ошибка 1
make[1]: выход из каталога «/home/nikita/Загрузки/arduino_uno_ov7670/cpp/CMakeFiles/CMakeTmp»
Makefile:126: ошибка выполнения рецепта для цели «cmTC_050ef/fast»
make: *** [cmTC_050ef/fast] Ошибка 2

File /home/nikita/Загрузки/arduino_uno_ov7670/cpp/CMakeFiles/CMakeTmp/CheckSymbolExists.c:
/* */
#include <pthread.h>

int main(int argc, char** argv)
{
  (void)argv;
#ifndef pthread_create
  return ((int*)(&pthread_create))[argc];
#else
  (void)argc;
  return 0;
#endif
}

Determining if the function pthread_create exists in the pthreads failed with the following output:
Change Dir: /home/nikita/Загрузки/arduino_uno_ov7670/cpp/CMakeFiles/CMakeTmp

Run Build Command:"/usr/bin/make" "cmTC_50467/fast"
/usr/bin/make -f CMakeFiles/cmTC_50467.dir/build.make CMakeFiles/cmTC_50467.dir/build
make[1]: вход в каталог «/home/nikita/Загрузки/arduino_uno_ov7670/cpp/CMakeFiles/CMakeTmp»
Building C object CMakeFiles/cmTC_50467.dir/CheckFunctionExists.c.o
/usr/bin/cc    -DCHECK_FUNCTION_EXISTS=pthread_create   -o CMakeFiles/cmTC_50467.dir/CheckFunctionExists.c.o   -c /usr/share/cmake-3.7/Modules/CheckFunctionExists.c
Linking C executable cmTC_50467
/usr/bin/cmake -E cmake_link_script CMakeFiles/cmTC_50467.dir/link.txt --verbose=1
/usr/bin/cc   -DCHECK_FUNCTION_EXISTS=pthread_create    CMakeFiles/cmTC_50467.dir/CheckFunctionExists.c.o  -o cmTC_50467 -rdynamic -lpthreads 
/usr/bin/ld: cannot find -lpthreads
collect2: error: ld returned 1 exit status
CMakeFiles/cmTC_50467.dir/build.make:97: ошибка выполнения рецепта для цели «cmTC_50467»
make[1]: *** [cmTC_50467] Ошибка 1
make[1]: выход из каталога «/home/nikita/Загрузки/arduino_uno_ov7670/cpp/CMakeFiles/CMakeTmp»
Makefile:126: ошибка выполнения рецепта для цели «cmTC_50467/fast»
make: *** [cmTC_50467/fast] Ошибка 2


